0 info it worked if it ends with ok
1 verbose cli [ 'c:\\Users\\dvick\\AppData\\Local\\atom\\app-0.165.0\\resources\\app\\apm\\node_modules\\atom-package-manager\\bin\\\\node.exe',
1 verbose cli   'c:\\Users\\dvick\\AppData\\Local\\atom\\app-0.165.0\\resources\\app\\apm\\node_modules\\atom-package-manager\\node_modules\\npm\\bin\\npm-cli.js',
1 verbose cli   'version',
1 verbose cli   'minor',
1 verbose cli   '-m',
1 verbose cli   'Prepare %s release' ]
2 info using npm@1.4.4
3 info using node@v0.10.33
4 verbose node symlink c:\Users\dvick\AppData\Local\atom\app-0.165.0\resources\app\apm\node_modules\atom-package-manager\bin\\node.exe
5 error Error: Git working directory not clean.
5 error M stylesheets/panels.less
5 error M stylesheets/tree-view.less
5 error     at c:\Users\dvick\AppData\Local\atom\app-0.165.0\resources\app\apm\node_modules\atom-package-manager\node_modules\npm\lib\version.js:98:35
5 error     at ChildProcess.exithandler (child_process.js:646:7)
5 error     at ChildProcess.emit (events.js:98:17)
5 error     at maybeClose (child_process.js:756:16)
5 error     at Process.ChildProcess._handle.onexit (child_process.js:823:5)
6 error If you need help, you may report this *entire* log,
6 error including the npm and node versions, at:
6 error     <http://github.com/npm/npm/issues>
7 error System Windows_NT 6.1.7601
8 error command "c:\\Users\\dvick\\AppData\\Local\\atom\\app-0.165.0\\resources\\app\\apm\\node_modules\\atom-package-manager\\bin\\\\node.exe" "c:\\Users\\dvick\\AppData\\Local\\atom\\app-0.165.0\\resources\\app\\apm\\node_modules\\atom-package-manager\\node_modules\\npm\\bin\\npm-cli.js" "version" "minor" "-m" "Prepare %s release"
9 error cwd C:\Users\dvick\github\shades-of-grey-ui
10 error node -v v0.10.33
11 error npm -v 1.4.4
12 verbose exit [ 1, true ]
